Using pre-set license
Built from '2020.3/staging' branch; Version is '2020.3.8f1 (507919d4fff5) revision 5273881'; Using compiler version '192528614'; Build Type 'Release'
OS: 'Windows 10 Home; OS build 19041.1415; Version 2004; 64bit' Language: 'pt' Physical Memory: 8144 MB
BatchMode: 1, IsHumanControllingUs: 0, StartBugReporterOnCrash: 0, Is64bit: 1, IsPro: 0

 COMMAND LINE ARGUMENTS:
C:\Program Files\Unity\Hub\Editor\2020.3.8f1\Editor\Unity.exe
-adb2
-batchMode
-noUpm
-name
AssetImportWorker1
-projectPath
C:/Users/jonat/Documents/DevGames/UnityProjects/SlidingPuzzle/SlidingPuzzle/SlidingPuzzle
-logFile
Logs/AssetImportWorker1.log
-srvPort
51350
Successfully changed project path to: C:/Users/jonat/Documents/DevGames/UnityProjects/SlidingPuzzle/SlidingPuzzle/SlidingPuzzle
C:/Users/jonat/Documents/DevGames/UnityProjects/SlidingPuzzle/SlidingPuzzle/SlidingPuzzle
Using Asset Import Pipeline V2.
Refreshing native plugins compatible for Editor in 191.36 ms, found 3 plugins.
Preloading 0 native plugins for Editor in 0.00 ms.
Initialize engine version: 2020.3.8f1 (507919d4fff5)
[Subsystems] Discovering subsystems at path C:/Program Files/Unity/Hub/Editor/2020.3.8f1/Editor/Data/Resources/UnitySubsystems
[Subsystems] Discovering subsystems at path C:/Users/jonat/Documents/DevGames/UnityProjects/SlidingPuzzle/SlidingPuzzle/SlidingPuzzle/Assets
GfxDevice: creating device client; threaded=0
Direct3D:
    Version:  Direct3D 11.0 [level 11.1]
    Renderer: NVIDIA GeForce GTX 1060 6GB (ID=0x1c03)
    Vendor:   
    VRAM:     6052 MB
    Driver:   27.21.14.5671
Initialize mono
Mono path[0] = 'C:/Program Files/Unity/Hub/Editor/2020.3.8f1/Editor/Data/Managed'
Mono path[1] = 'C:/Program Files/Unity/Hub/Editor/2020.3.8f1/Editor/Data/MonoBleedingEdge/lib/mono/unityjit'
Mono config path = 'C:/Program Files/Unity/Hub/Editor/2020.3.8f1/Editor/Data/MonoBleedingEdge/etc'
Using monoOptions --debugger-agent=transport=dt_socket,embedding=1,server=y,suspend=n,address=127.0.0.1:56364
Begin MonoManager ReloadAssembly
Registering precompiled unity dll's ...
Register platform support module: C:/Program Files/Unity/Hub/Editor/2020.3.8f1/Editor/Data/PlaybackEngines/WebGLSupport/UnityEditor.WebGL.Extensions.dll
Register platform support module: C:/Program Files/Unity/Hub/Editor/2020.3.8f1/Editor/Data/PlaybackEngines/MacStandaloneSupport/UnityEditor.OSXStandalone.Extensions.dll
Register platform support module: C:/Program Files/Unity/Hub/Editor/2020.3.8f1/Editor/Data/PlaybackEngines/WindowsStandaloneSupport/UnityEditor.WindowsStandalone.Extensions.dll
Register platform support module: C:/Program Files/Unity/Hub/Editor/2020.3.8f1/Editor/Data/PlaybackEngines/LinuxStandaloneSupport/UnityEditor.LinuxStandalone.Extensions.dll
Registered in 0.008268 seconds.
Native extension for LinuxStandalone target not found
Native extension for WindowsStandalone target not found
Native extension for OSXStandalone target not found
Native extension for WebGL target not found
Refreshing native plugins compatible for Editor in 191.34 ms, found 3 plugins.
Preloading 0 native plugins for Editor in 0.00 ms.
Mono: successfully reloaded assembly
- Completed reload, in  2.710 seconds
Platform modules already initialized, skipping
Registering precompiled user dll's ...
Registered in 0.015783 seconds.
Begin MonoManager ReloadAssembly
Symbol file LoadedFromMemory doesn't match image C:\Users\jonat\Documents\DevGames\UnityProjects\SlidingPuzzle\SlidingPuzzle\SlidingPuzzle\Library\PackageCache\com.unity.visualscripting@1.7.2\Editor\VisualScripting.Core\Dependencies\YamlDotNet\Unity.VisualScripting.YamlDotNet.dll
Symbol file LoadedFromMemory doesn't match image C:\Users\jonat\Documents\DevGames\UnityProjects\SlidingPuzzle\SlidingPuzzle\SlidingPuzzle\Library\PackageCache\com.unity.visualscripting@1.7.2\Editor\VisualScripting.Core\Dependencies\DotNetZip\Unity.VisualScripting.IonicZip.dll
Native extension for LinuxStandalone target not found
Native extension for WindowsStandalone target not found
Native extension for OSXStandalone target not found
Native extension for WebGL target not found
Refreshing native plugins compatible for Editor in 190.89 ms, found 3 plugins.
Preloading 0 native plugins for Editor in 0.00 ms.
Mono: successfully reloaded assembly
- Completed reload, in  2.480 seconds
Platform modules already initialized, skipping
========================================================================
Worker process is ready to serve import requests
Launched and connected shader compiler UnityShaderCompiler.exe after 0.07 seconds
Refreshing native plugins compatible for Editor in 1.16 ms, found 3 plugins.
Preloading 0 native plugins for Editor in 0.00 ms.
Unloading 3502 Unused Serialized files (Serialized files now loaded: 0)
System memory in use before: 126.4 MB.
System memory in use after: 126.6 MB.

Unloading 30 unused Assets to reduce memory usage. Loaded Objects now: 3936.
Total: 4.318200 ms (FindLiveObjects: 0.475200 ms CreateObjectMapping: 0.164500 ms MarkObjects: 3.567200 ms  DeleteObjects: 0.109300 ms)

========================================================================
Received Import Request.
  path: Assets/Sprites/Bethoven.png
  artifactKey: Guid(58f5b98e3439ad4489c6f2a2ae14fd02) Importer(815301076,1909f56bfc062723c751e8b465ee728b)
Start importing Assets/Sprites/Bethoven.png using Guid(58f5b98e3439ad4489c6f2a2ae14fd02) Importer(815301076,1909f56bfc062723c751e8b465ee728b)  -> (artifact id: '10149d4cda21228d8d917f1282c10544') in 0.451922 seconds
  Import took 0.460200 seconds .

========================================================================
Received Import Request.
  Time since last request: 0.000380 seconds.
  path: Assets/Sprites/thumb2-colorful-retro-background-creative-art-retro-texture-background-with-multicolored-lines-colorful-retro-abstraction.jpg
  artifactKey: Guid(29c41b8c7ab574647bdef97f5b4ab1de) Importer(815301076,1909f56bfc062723c751e8b465ee728b)
Start importing Assets/Sprites/thumb2-colorful-retro-background-creative-art-retro-texture-background-with-multicolored-lines-colorful-retro-abstraction.jpg using Guid(29c41b8c7ab574647bdef97f5b4ab1de) Importer(815301076,1909f56bfc062723c751e8b465ee728b)  -> (artifact id: 'f28537cd8e2a5897cd586edf456fc2fe') in 0.041426 seconds
  Import took 0.049413 seconds .

========================================================================
Received Import Request.
  Time since last request: 0.003605 seconds.
  path: Assets/Sprites/thumb2-colorful-retro-background-creative-art-retro-texture-background-with-multicolored-lines-colorful-retro-abstraction.jpg
  artifactKey: Guid(29c41b8c7ab574647bdef97f5b4ab1de) Importer(815301076,1909f56bfc062723c751e8b465ee728b)
Start importing Assets/Sprites/thumb2-colorful-retro-background-creative-art-retro-texture-background-with-multicolored-lines-colorful-retro-abstraction.jpg using Guid(29c41b8c7ab574647bdef97f5b4ab1de) Importer(815301076,1909f56bfc062723c751e8b465ee728b)  -> (artifact id: 'f28537cd8e2a5897cd586edf456fc2fe') in 0.018203 seconds
  Import took 0.026466 seconds .

========================================================================
Received Import Request.
  Time since last request: 106.066837 seconds.
  path: Assets/Prefabs
  artifactKey: Guid(aa784d6afa5a41a47b2042f53f767f28) Importer(815301076,1909f56bfc062723c751e8b465ee728b)
Start importing Assets/Prefabs using Guid(aa784d6afa5a41a47b2042f53f767f28) Importer(815301076,1909f56bfc062723c751e8b465ee728b)  -> (artifact id: '021815fcf219dbfb7bb27785c59035b8') in 0.006562 seconds
  Import took 0.015378 seconds .

========================================================================
Received Import Request.
  Time since last request: 1.068326 seconds.
  path: Assets/Prefabs/PuzzlePieces
  artifactKey: Guid(50828ae742da3f14f80b5f201fae07ff) Importer(815301076,1909f56bfc062723c751e8b465ee728b)
Start importing Assets/Prefabs/PuzzlePieces using Guid(50828ae742da3f14f80b5f201fae07ff) Importer(815301076,1909f56bfc062723c751e8b465ee728b)  -> (artifact id: '1f8b5a57990b60d9f20553b9a4409040') in 0.006249 seconds
  Import took 0.014459 seconds .

========================================================================
Received Import Request.
  Time since last request: 0.063900 seconds.
  path: Assets/Prefabs/PuzzlePieces/Peça 1.prefab
  artifactKey: Guid(f21246e22386aad4da88417fa7186a42) Importer(815301076,1909f56bfc062723c751e8b465ee728b)
Start importing Assets/Prefabs/PuzzlePieces/Peça 1.prefab using Guid(f21246e22386aad4da88417fa7186a42) Importer(815301076,1909f56bfc062723c751e8b465ee728b)  -> (artifact id: 'f6a3ebc9363f93c3f9ae10434b00060c') in 0.038103 seconds
  Import took 0.046397 seconds .

========================================================================
Received Import Request.
  Time since last request: 0.000501 seconds.
  path: Assets/Prefabs/PuzzlePieces/Peça 12.prefab
  artifactKey: Guid(ed563078c904c52488f0b7c11f828599) Importer(815301076,1909f56bfc062723c751e8b465ee728b)
Start importing Assets/Prefabs/PuzzlePieces/Peça 12.prefab using Guid(ed563078c904c52488f0b7c11f828599) Importer(815301076,1909f56bfc062723c751e8b465ee728b)  -> (artifact id: '310a40f404bf7b3ce127f1baadb9c339') in 0.009424 seconds
  Import took 0.017187 seconds .

========================================================================
Received Import Request.
  Time since last request: 0.000547 seconds.
  path: Assets/Prefabs/PuzzlePieces/Peça 10.prefab
  artifactKey: Guid(a11a36f87bb88454eb2e8852d5e1e932) Importer(815301076,1909f56bfc062723c751e8b465ee728b)
Start importing Assets/Prefabs/PuzzlePieces/Peça 10.prefab using Guid(a11a36f87bb88454eb2e8852d5e1e932) Importer(815301076,1909f56bfc062723c751e8b465ee728b)  -> (artifact id: '9b503f17a4ad139e3a70c59925d44222') in 0.009952 seconds
  Import took 0.017951 seconds .

========================================================================
Received Import Request.
  Time since last request: 0.000534 seconds.
  path: Assets/Prefabs/PuzzlePieces/Peça 4.prefab
  artifactKey: Guid(4ab0b595345a61543955a6c7facfac82) Importer(815301076,1909f56bfc062723c751e8b465ee728b)
Start importing Assets/Prefabs/PuzzlePieces/Peça 4.prefab using Guid(4ab0b595345a61543955a6c7facfac82) Importer(815301076,1909f56bfc062723c751e8b465ee728b)  -> (artifact id: '67949bf07829aca3128f9af058957f0f') in 0.010126 seconds
  Import took 0.018552 seconds .

========================================================================
Received Import Request.
  Time since last request: 0.000444 seconds.
  path: Assets/Prefabs/PuzzlePieces/Peça 7.prefab
  artifactKey: Guid(1a9d40389961bbc42ae2a80d94f955a3) Importer(815301076,1909f56bfc062723c751e8b465ee728b)
Start importing Assets/Prefabs/PuzzlePieces/Peça 7.prefab using Guid(1a9d40389961bbc42ae2a80d94f955a3) Importer(815301076,1909f56bfc062723c751e8b465ee728b)  -> (artifact id: '0879a50355a6055baec7a85a36db61d3') in 0.010100 seconds
  Import took 0.018410 seconds .

========================================================================
Received Import Request.
  Time since last request: 0.000400 seconds.
  path: Assets/Prefabs/PuzzlePieces/Peça 14.prefab
  artifactKey: Guid(bb781a2b76b76454aae0cd1fa6379c59) Importer(815301076,1909f56bfc062723c751e8b465ee728b)
Start importing Assets/Prefabs/PuzzlePieces/Peça 14.prefab using Guid(bb781a2b76b76454aae0cd1fa6379c59) Importer(815301076,1909f56bfc062723c751e8b465ee728b)  -> (artifact id: '0637fbcd939c0ac56ad98145c20c0178') in 0.009697 seconds
  Import took 0.017702 seconds .

========================================================================
Received Import Request.
  Time since last request: 0.000411 seconds.
  path: Assets/Prefabs/PuzzlePieces/Peça 6.prefab
  artifactKey: Guid(38c26fc8a3de2be4c8be6f8b2bcc10d0) Importer(815301076,1909f56bfc062723c751e8b465ee728b)
Start importing Assets/Prefabs/PuzzlePieces/Peça 6.prefab using Guid(38c26fc8a3de2be4c8be6f8b2bcc10d0) Importer(815301076,1909f56bfc062723c751e8b465ee728b)  -> (artifact id: 'f574321219ba92cdeb38982b1db26235') in 0.009845 seconds
  Import took 0.017841 seconds .

========================================================================
Received Import Request.
  Time since last request: 0.000452 seconds.
  path: Assets/Prefabs/PuzzlePieces/Peça 13.prefab
  artifactKey: Guid(248f11822f460b04ab135889286750a1) Importer(815301076,1909f56bfc062723c751e8b465ee728b)
Start importing Assets/Prefabs/PuzzlePieces/Peça 13.prefab using Guid(248f11822f460b04ab135889286750a1) Importer(815301076,1909f56bfc062723c751e8b465ee728b)  -> (artifact id: '6fc1e49b684b666753434c6009eff748') in 0.009498 seconds
  Import took 0.017500 seconds .

========================================================================
Received Import Request.
  Time since last request: 0.000411 seconds.
  path: Assets/Prefabs/PuzzlePieces/Peça 11.prefab
  artifactKey: Guid(902c9dafc2fbbdc4fb4145ceba6aee87) Importer(815301076,1909f56bfc062723c751e8b465ee728b)
Start importing Assets/Prefabs/PuzzlePieces/Peça 11.prefab using Guid(902c9dafc2fbbdc4fb4145ceba6aee87) Importer(815301076,1909f56bfc062723c751e8b465ee728b)  -> (artifact id: '89d907f146654f52b28ccfc00f503bfd') in 0.009774 seconds
  Import took 0.018205 seconds .

========================================================================
Received Import Request.
  Time since last request: 0.000374 seconds.
  path: Assets/Prefabs/PuzzlePieces/Peça 9.prefab
  artifactKey: Guid(534be517697d8a341a12691577c222c0) Importer(815301076,1909f56bfc062723c751e8b465ee728b)
Start importing Assets/Prefabs/PuzzlePieces/Peça 9.prefab using Guid(534be517697d8a341a12691577c222c0) Importer(815301076,1909f56bfc062723c751e8b465ee728b)  -> (artifact id: '2680cb986f3fcf37287c279b2c0886f8') in 0.009645 seconds
  Import took 0.017521 seconds .

========================================================================
Received Import Request.
  Time since last request: 0.000413 seconds.
  path: Assets/Prefabs/PuzzlePieces/Peça 8.prefab
  artifactKey: Guid(f7f35a7a56498d14895a70bd5baefcb7) Importer(815301076,1909f56bfc062723c751e8b465ee728b)
Start importing Assets/Prefabs/PuzzlePieces/Peça 8.prefab using Guid(f7f35a7a56498d14895a70bd5baefcb7) Importer(815301076,1909f56bfc062723c751e8b465ee728b)  -> (artifact id: '7f399d2a2663816a99eb75e86ee8b0ea') in 0.010273 seconds
  Import took 0.018333 seconds .

========================================================================
Received Import Request.
  Time since last request: 0.000386 seconds.
  path: Assets/Prefabs/PuzzlePieces/Peça 5.prefab
  artifactKey: Guid(1b5e4e8c84b8a1f4aafd491576457c4b) Importer(815301076,1909f56bfc062723c751e8b465ee728b)
Start importing Assets/Prefabs/PuzzlePieces/Peça 5.prefab using Guid(1b5e4e8c84b8a1f4aafd491576457c4b) Importer(815301076,1909f56bfc062723c751e8b465ee728b)  -> (artifact id: '4a2be9a2e2c7b2f95d63e64bccf87cc2') in 0.009853 seconds
  Import took 0.017993 seconds .

========================================================================
Received Import Request.
  Time since last request: 0.000446 seconds.
  path: Assets/Prefabs/PuzzlePieces/Peça.prefab
  artifactKey: Guid(9db5bd75816ad664d81d3f5b13af07cc) Importer(815301076,1909f56bfc062723c751e8b465ee728b)
Start importing Assets/Prefabs/PuzzlePieces/Peça.prefab using Guid(9db5bd75816ad664d81d3f5b13af07cc) Importer(815301076,1909f56bfc062723c751e8b465ee728b)  -> (artifact id: '3c47960d6297e370c48b0ef5a858ae9d') in 0.092324 seconds
  Import took 0.100441 seconds .

========================================================================
Received Import Request.
  Time since last request: 0.000500 seconds.
  path: Assets/Prefabs/PuzzlePieces/Peça 2.prefab
  artifactKey: Guid(9a9623301359f714d9928457dd2a4648) Importer(815301076,1909f56bfc062723c751e8b465ee728b)
Start importing Assets/Prefabs/PuzzlePieces/Peça 2.prefab using Guid(9a9623301359f714d9928457dd2a4648) Importer(815301076,1909f56bfc062723c751e8b465ee728b)  -> (artifact id: '154b3ebe5fc4b0023f736cd80cb0816e') in 0.009534 seconds
  Import took 0.017312 seconds .

========================================================================
Received Import Request.
  Time since last request: 0.000424 seconds.
  path: Assets/Prefabs/PuzzlePieces/Peça 3.prefab
  artifactKey: Guid(5663e9753753cdc4fbfcf877dbd47419) Importer(815301076,1909f56bfc062723c751e8b465ee728b)
Start importing Assets/Prefabs/PuzzlePieces/Peça 3.prefab using Guid(5663e9753753cdc4fbfcf877dbd47419) Importer(815301076,1909f56bfc062723c751e8b465ee728b)  -> (artifact id: '6613ade0ae083c6c55431958967198cd') in 0.009807 seconds
  Import took 0.018150 seconds .

========================================================================
Received Import Request.
  Time since last request: 10.191991 seconds.
  path: Assets/Prefabs/PuzzlePieces/Peça 1.prefab
  artifactKey: Guid(f21246e22386aad4da88417fa7186a42) Importer(815301076,1909f56bfc062723c751e8b465ee728b)
Start importing Assets/Prefabs/PuzzlePieces/Peça 1.prefab using Guid(f21246e22386aad4da88417fa7186a42) Importer(815301076,1909f56bfc062723c751e8b465ee728b)  -> (artifact id: '642757cf69ce4dbd463fe357b6f0d396') in 0.008638 seconds
  Import took 0.017070 seconds .

========================================================================
Received Import Request.
  Time since last request: 0.000423 seconds.
  path: Assets/Prefabs/PuzzlePieces/Peça 12.prefab
  artifactKey: Guid(ed563078c904c52488f0b7c11f828599) Importer(815301076,1909f56bfc062723c751e8b465ee728b)
Start importing Assets/Prefabs/PuzzlePieces/Peça 12.prefab using Guid(ed563078c904c52488f0b7c11f828599) Importer(815301076,1909f56bfc062723c751e8b465ee728b)  -> (artifact id: 'a64ab9d27a477783173059799379f3c8') in 0.008455 seconds
  Import took 0.016669 seconds .

========================================================================
Received Import Request.
  Time since last request: 0.000432 seconds.
  path: Assets/Prefabs/PuzzlePieces/Peça 10.prefab
  artifactKey: Guid(a11a36f87bb88454eb2e8852d5e1e932) Importer(815301076,1909f56bfc062723c751e8b465ee728b)
Start importing Assets/Prefabs/PuzzlePieces/Peça 10.prefab using Guid(a11a36f87bb88454eb2e8852d5e1e932) Importer(815301076,1909f56bfc062723c751e8b465ee728b)  -> (artifact id: 'b196b171385bb67f14068f80fc05b204') in 0.009239 seconds
  Import took 0.018064 seconds .

========================================================================
Received Import Request.
  Time since last request: 0.000469 seconds.
  path: Assets/Prefabs/PuzzlePieces/Peça 4.prefab
  artifactKey: Guid(4ab0b595345a61543955a6c7facfac82) Importer(815301076,1909f56bfc062723c751e8b465ee728b)
Start importing Assets/Prefabs/PuzzlePieces/Peça 4.prefab using Guid(4ab0b595345a61543955a6c7facfac82) Importer(815301076,1909f56bfc062723c751e8b465ee728b)  -> (artifact id: '5193c07e350d1327c2553102e0761c36') in 0.009418 seconds
  Import took 0.017772 seconds .

========================================================================
Received Import Request.
  Time since last request: 0.000372 seconds.
  path: Assets/Prefabs/PuzzlePieces/Peça 7.prefab
  artifactKey: Guid(1a9d40389961bbc42ae2a80d94f955a3) Importer(815301076,1909f56bfc062723c751e8b465ee728b)
Start importing Assets/Prefabs/PuzzlePieces/Peça 7.prefab using Guid(1a9d40389961bbc42ae2a80d94f955a3) Importer(815301076,1909f56bfc062723c751e8b465ee728b)  -> (artifact id: '380bdd09d8f61fb5e32041f334cff4c7') in 0.008758 seconds
  Import took 0.017218 seconds .

========================================================================
Received Import Request.
  Time since last request: 0.000384 seconds.
  path: Assets/Prefabs/PuzzlePieces/Peça 14.prefab
  artifactKey: Guid(bb781a2b76b76454aae0cd1fa6379c59) Importer(815301076,1909f56bfc062723c751e8b465ee728b)
Start importing Assets/Prefabs/PuzzlePieces/Peça 14.prefab using Guid(bb781a2b76b76454aae0cd1fa6379c59) Importer(815301076,1909f56bfc062723c751e8b465ee728b)  -> (artifact id: '79dd3ed7283c7612a1216a309fd2b48f') in 0.009044 seconds
  Import took 0.017414 seconds .

========================================================================
Received Import Request.
  Time since last request: 0.000423 seconds.
  path: Assets/Prefabs/PuzzlePieces/Peça 6.prefab
  artifactKey: Guid(38c26fc8a3de2be4c8be6f8b2bcc10d0) Importer(815301076,1909f56bfc062723c751e8b465ee728b)
Start importing Assets/Prefabs/PuzzlePieces/Peça 6.prefab using Guid(38c26fc8a3de2be4c8be6f8b2bcc10d0) Importer(815301076,1909f56bfc062723c751e8b465ee728b)  -> (artifact id: '98e5c24ae00397f9eb6696ae075ce25e') in 0.009029 seconds
  Import took 0.017294 seconds .

========================================================================
Received Import Request.
  Time since last request: 0.000389 seconds.
  path: Assets/Prefabs/PuzzlePieces/Peça 13.prefab
  artifactKey: Guid(248f11822f460b04ab135889286750a1) Importer(815301076,1909f56bfc062723c751e8b465ee728b)
Start importing Assets/Prefabs/PuzzlePieces/Peça 13.prefab using Guid(248f11822f460b04ab135889286750a1) Importer(815301076,1909f56bfc062723c751e8b465ee728b)  -> (artifact id: 'ad89b7a28b59ba5429bd4fe72ed8150d') in 0.008669 seconds
  Import took 0.016713 seconds .

========================================================================
Received Import Request.
  Time since last request: 0.000405 seconds.
  path: Assets/Prefabs/PuzzlePieces/Peça 11.prefab
  artifactKey: Guid(902c9dafc2fbbdc4fb4145ceba6aee87) Importer(815301076,1909f56bfc062723c751e8b465ee728b)
Start importing Assets/Prefabs/PuzzlePieces/Peça 11.prefab using Guid(902c9dafc2fbbdc4fb4145ceba6aee87) Importer(815301076,1909f56bfc062723c751e8b465ee728b)  -> (artifact id: 'a86ded983e77b2e1388d56d5f422b4f8') in 0.008656 seconds
  Import took 0.016352 seconds .

========================================================================
Received Import Request.
  Time since last request: 0.000466 seconds.
  path: Assets/Prefabs/PuzzlePieces/Peça 9.prefab
  artifactKey: Guid(534be517697d8a341a12691577c222c0) Importer(815301076,1909f56bfc062723c751e8b465ee728b)
Start importing Assets/Prefabs/PuzzlePieces/Peça 9.prefab using Guid(534be517697d8a341a12691577c222c0) Importer(815301076,1909f56bfc062723c751e8b465ee728b)  -> (artifact id: 'd7ac31e9164c62d939b5e8254c9f8c04') in 0.008968 seconds
  Import took 0.017181 seconds .

========================================================================
Received Import Request.
  Time since last request: 0.000396 seconds.
  path: Assets/Prefabs/PuzzlePieces/Peça 8.prefab
  artifactKey: Guid(f7f35a7a56498d14895a70bd5baefcb7) Importer(815301076,1909f56bfc062723c751e8b465ee728b)
Start importing Assets/Prefabs/PuzzlePieces/Peça 8.prefab using Guid(f7f35a7a56498d14895a70bd5baefcb7) Importer(815301076,1909f56bfc062723c751e8b465ee728b)  -> (artifact id: '3e25bb8e59af5506ea6dcf6e8b6e538a') in 0.008926 seconds
  Import took 0.016983 seconds .

========================================================================
Received Import Request.
  Time since last request: 0.000421 seconds.
  path: Assets/Prefabs/PuzzlePieces/Peça 5.prefab
  artifactKey: Guid(1b5e4e8c84b8a1f4aafd491576457c4b) Importer(815301076,1909f56bfc062723c751e8b465ee728b)
Start importing Assets/Prefabs/PuzzlePieces/Peça 5.prefab using Guid(1b5e4e8c84b8a1f4aafd491576457c4b) Importer(815301076,1909f56bfc062723c751e8b465ee728b)  -> (artifact id: 'b502941bec18ffda8b107cd614969dc8') in 0.008692 seconds
  Import took 0.016513 seconds .

========================================================================
Received Import Request.
  Time since last request: 0.000403 seconds.
  path: Assets/Prefabs/PuzzlePieces/Peça 2.prefab
  artifactKey: Guid(9a9623301359f714d9928457dd2a4648) Importer(815301076,1909f56bfc062723c751e8b465ee728b)
Start importing Assets/Prefabs/PuzzlePieces/Peça 2.prefab using Guid(9a9623301359f714d9928457dd2a4648) Importer(815301076,1909f56bfc062723c751e8b465ee728b)  -> (artifact id: '914370efd8a25c7c80af6db171c836f7') in 0.009104 seconds
  Import took 0.017414 seconds .

========================================================================
Received Import Request.
  Time since last request: 0.000521 seconds.
  path: Assets/Prefabs/PuzzlePieces/Peça 3.prefab
  artifactKey: Guid(5663e9753753cdc4fbfcf877dbd47419) Importer(815301076,1909f56bfc062723c751e8b465ee728b)
Start importing Assets/Prefabs/PuzzlePieces/Peça 3.prefab using Guid(5663e9753753cdc4fbfcf877dbd47419) Importer(815301076,1909f56bfc062723c751e8b465ee728b)  -> (artifact id: 'f730e3d2f6890dc4d7730d096a75bd30') in 0.008761 seconds
  Import took 0.016777 seconds .

========================================================================
Received Import Request.
  Time since last request: 11.685813 seconds.
  path: Assets/Prefabs/PuzzlePieces/Peça 10.prefab
  artifactKey: Guid(a11a36f87bb88454eb2e8852d5e1e932) Importer(815301076,1909f56bfc062723c751e8b465ee728b)
Start importing Assets/Prefabs/PuzzlePieces/Peça 10.prefab using Guid(a11a36f87bb88454eb2e8852d5e1e932) Importer(815301076,1909f56bfc062723c751e8b465ee728b)  -> (artifact id: '98a15e40b28af5e1b18808e2d889c255') in 0.009918 seconds
  Import took 0.018562 seconds .

========================================================================
Received Import Request.
  Time since last request: 4.946950 seconds.
  path: Assets/Prefabs/PuzzlePieces/Peça 10.prefab
  artifactKey: Guid(a11a36f87bb88454eb2e8852d5e1e932) Importer(815301076,1909f56bfc062723c751e8b465ee728b)
Start importing Assets/Prefabs/PuzzlePieces/Peça 10.prefab using Guid(a11a36f87bb88454eb2e8852d5e1e932) Importer(815301076,1909f56bfc062723c751e8b465ee728b)  -> (artifact id: '8b3360a1fe3f1bf98072883a65977362') in 0.016410 seconds
  Import took 0.024820 seconds .

========================================================================
Received Import Request.
  Time since last request: 19.789420 seconds.
  path: Assets/Prefabs/PuzzlePieces/Peça 10.prefab
  artifactKey: Guid(a11a36f87bb88454eb2e8852d5e1e932) Importer(815301076,1909f56bfc062723c751e8b465ee728b)
Start importing Assets/Prefabs/PuzzlePieces/Peça 10.prefab using Guid(a11a36f87bb88454eb2e8852d5e1e932) Importer(815301076,1909f56bfc062723c751e8b465ee728b)  -> (artifact id: 'f0fc3c54e4f75505f5747bf74f450bf8') in 0.016632 seconds
  Import took 0.025137 seconds .

========================================================================
Received Import Request.
  Time since last request: 5.866816 seconds.
  path: Assets/Prefabs/PuzzlePieces/Peça 1.prefab
  artifactKey: Guid(f21246e22386aad4da88417fa7186a42) Importer(815301076,1909f56bfc062723c751e8b465ee728b)
Start importing Assets/Prefabs/PuzzlePieces/Peça 1.prefab using Guid(f21246e22386aad4da88417fa7186a42) Importer(815301076,1909f56bfc062723c751e8b465ee728b)  -> (artifact id: '9089933b3e328d122cd80ae043260d17') in 0.016112 seconds
  Import took 0.024831 seconds .

========================================================================
Received Import Request.
  Time since last request: 0.000389 seconds.
  path: Assets/Prefabs/PuzzlePieces/Peça 12.prefab
  artifactKey: Guid(ed563078c904c52488f0b7c11f828599) Importer(815301076,1909f56bfc062723c751e8b465ee728b)
Start importing Assets/Prefabs/PuzzlePieces/Peça 12.prefab using Guid(ed563078c904c52488f0b7c11f828599) Importer(815301076,1909f56bfc062723c751e8b465ee728b)  -> (artifact id: 'face8a43b1016ae76c2ba819c5137b7a') in 0.015971 seconds
  Import took 0.023986 seconds .

========================================================================
Received Import Request.
  Time since last request: 0.000393 seconds.
  path: Assets/Prefabs/PuzzlePieces/Peça 4.prefab
  artifactKey: Guid(4ab0b595345a61543955a6c7facfac82) Importer(815301076,1909f56bfc062723c751e8b465ee728b)
Start importing Assets/Prefabs/PuzzlePieces/Peça 4.prefab using Guid(4ab0b595345a61543955a6c7facfac82) Importer(815301076,1909f56bfc062723c751e8b465ee728b)  -> (artifact id: '877aa3db65049b8b871bfb640cb3ddcd') in 0.015998 seconds
  Import took 0.024120 seconds .

========================================================================
Received Import Request.
  Time since last request: 0.000423 seconds.
  path: Assets/Prefabs/PuzzlePieces/Peça 7.prefab
  artifactKey: Guid(1a9d40389961bbc42ae2a80d94f955a3) Importer(815301076,1909f56bfc062723c751e8b465ee728b)
Start importing Assets/Prefabs/PuzzlePieces/Peça 7.prefab using Guid(1a9d40389961bbc42ae2a80d94f955a3) Importer(815301076,1909f56bfc062723c751e8b465ee728b)  -> (artifact id: '98bb514d694dffa0b144fff444a6df94') in 0.016213 seconds
  Import took 0.024593 seconds .

========================================================================
Received Import Request.
  Time since last request: 0.000377 seconds.
  path: Assets/Prefabs/PuzzlePieces/Peça 14.prefab
  artifactKey: Guid(bb781a2b76b76454aae0cd1fa6379c59) Importer(815301076,1909f56bfc062723c751e8b465ee728b)
Start importing Assets/Prefabs/PuzzlePieces/Peça 14.prefab using Guid(bb781a2b76b76454aae0cd1fa6379c59) Importer(815301076,1909f56bfc062723c751e8b465ee728b)  -> (artifact id: 'ad86b1c25779c1114d8be8afcf9456f5') in 0.016087 seconds
  Import took 0.024730 seconds .

========================================================================
Received Import Request.
  Time since last request: 0.000454 seconds.
  path: Assets/Prefabs/PuzzlePieces/Peça 6.prefab
  artifactKey: Guid(38c26fc8a3de2be4c8be6f8b2bcc10d0) Importer(815301076,1909f56bfc062723c751e8b465ee728b)
Start importing Assets/Prefabs/PuzzlePieces/Peça 6.prefab using Guid(38c26fc8a3de2be4c8be6f8b2bcc10d0) Importer(815301076,1909f56bfc062723c751e8b465ee728b)  -> (artifact id: '398b693b71116f333873c0f2f40f6a2a') in 0.017284 seconds
  Import took 0.026113 seconds .

========================================================================
Received Import Request.
  Time since last request: 0.000500 seconds.
  path: Assets/Prefabs/PuzzlePieces/Peça 13.prefab
  artifactKey: Guid(248f11822f460b04ab135889286750a1) Importer(815301076,1909f56bfc062723c751e8b465ee728b)
Start importing Assets/Prefabs/PuzzlePieces/Peça 13.prefab using Guid(248f11822f460b04ab135889286750a1) Importer(815301076,1909f56bfc062723c751e8b465ee728b)  -> (artifact id: '880d41bec2946d92fd06514bfc3747c1') in 0.015893 seconds
  Import took 0.024358 seconds .

========================================================================
Received Import Request.
  Time since last request: 0.000668 seconds.
  path: Assets/Prefabs/PuzzlePieces/Peça 11.prefab
  artifactKey: Guid(902c9dafc2fbbdc4fb4145ceba6aee87) Importer(815301076,1909f56bfc062723c751e8b465ee728b)
Start importing Assets/Prefabs/PuzzlePieces/Peça 11.prefab using Guid(902c9dafc2fbbdc4fb4145ceba6aee87) Importer(815301076,1909f56bfc062723c751e8b465ee728b)  -> (artifact id: '83806196e5ce780b1a47d925c91d2ffc') in 0.016184 seconds
  Import took 0.024308 seconds .

========================================================================
Received Import Request.
  Time since last request: 0.000421 seconds.
  path: Assets/Prefabs/PuzzlePieces/Peça 9.prefab
  artifactKey: Guid(534be517697d8a341a12691577c222c0) Importer(815301076,1909f56bfc062723c751e8b465ee728b)
Start importing Assets/Prefabs/PuzzlePieces/Peça 9.prefab using Guid(534be517697d8a341a12691577c222c0) Importer(815301076,1909f56bfc062723c751e8b465ee728b)  -> (artifact id: 'faae3b09049a1b73eb50718e22465f96') in 0.016116 seconds
  Import took 0.024227 seconds .

========================================================================
Received Import Request.
  Time since last request: 0.000429 seconds.
  path: Assets/Prefabs/PuzzlePieces/Peça 8.prefab
  artifactKey: Guid(f7f35a7a56498d14895a70bd5baefcb7) Importer(815301076,1909f56bfc062723c751e8b465ee728b)
Start importing Assets/Prefabs/PuzzlePieces/Peça 8.prefab using Guid(f7f35a7a56498d14895a70bd5baefcb7) Importer(815301076,1909f56bfc062723c751e8b465ee728b)  -> (artifact id: '897784dbdaf8d2ffeb9e95a1a2ca4464') in 0.016932 seconds
  Import took 0.025081 seconds .

========================================================================
Received Import Request.
  Time since last request: 0.000534 seconds.
  path: Assets/Prefabs/PuzzlePieces/Peça 5.prefab
  artifactKey: Guid(1b5e4e8c84b8a1f4aafd491576457c4b) Importer(815301076,1909f56bfc062723c751e8b465ee728b)
Start importing Assets/Prefabs/PuzzlePieces/Peça 5.prefab using Guid(1b5e4e8c84b8a1f4aafd491576457c4b) Importer(815301076,1909f56bfc062723c751e8b465ee728b)  -> (artifact id: '661b195106faa9a47802610a1d42d668') in 0.016360 seconds
  Import took 0.024933 seconds .

========================================================================
Received Import Request.
  Time since last request: 0.000417 seconds.
  path: Assets/Prefabs/PuzzlePieces/Peça 2.prefab
  artifactKey: Guid(9a9623301359f714d9928457dd2a4648) Importer(815301076,1909f56bfc062723c751e8b465ee728b)
Start importing Assets/Prefabs/PuzzlePieces/Peça 2.prefab using Guid(9a9623301359f714d9928457dd2a4648) Importer(815301076,1909f56bfc062723c751e8b465ee728b)  -> (artifact id: 'bfdb860ae9a3722f8af86feb3de2a670') in 0.015987 seconds
  Import took 0.024296 seconds .

========================================================================
Received Import Request.
  Time since last request: 0.000408 seconds.
  path: Assets/Prefabs/PuzzlePieces/Peça 3.prefab
  artifactKey: Guid(5663e9753753cdc4fbfcf877dbd47419) Importer(815301076,1909f56bfc062723c751e8b465ee728b)
Start importing Assets/Prefabs/PuzzlePieces/Peça 3.prefab using Guid(5663e9753753cdc4fbfcf877dbd47419) Importer(815301076,1909f56bfc062723c751e8b465ee728b)  -> (artifact id: '6ced9d05b7939d66a5430d5a21d74efe') in 0.017617 seconds
  Import took 0.025765 seconds .

========================================================================
Received Import Request.
  Time since last request: 169.543598 seconds.
  path: Assets/Sprites
  artifactKey: Guid(26d6327fa9a2e6e46a580dab47664e16) Importer(815301076,1909f56bfc062723c751e8b465ee728b)
Start importing Assets/Sprites using Guid(26d6327fa9a2e6e46a580dab47664e16) Importer(815301076,1909f56bfc062723c751e8b465ee728b)  -> (artifact id: 'db25971a0d8f7372ccefea0d5305e73b') in 0.005974 seconds
  Import took 0.014601 seconds .

========================================================================
Received Import Request.
  Time since last request: 11.668120 seconds.
  path: Assets/Sprites/white-color-solid-background-1920x1080.png
  artifactKey: Guid(0e82d85992c32c14ba2f76af309b9fea) Importer(815301076,1909f56bfc062723c751e8b465ee728b)
Start importing Assets/Sprites/white-color-solid-background-1920x1080.png using Guid(0e82d85992c32c14ba2f76af309b9fea) Importer(815301076,1909f56bfc062723c751e8b465ee728b)  -> (artifact id: '8d76a2e1e64a36c2c8773ad04c383923') in 0.034342 seconds
  Import took 0.043271 seconds .

========================================================================
Received Import Request.
  Time since last request: 0.002241 seconds.
  path: Assets/Sprites/white-color-solid-background-1920x1080.png
  artifactKey: Guid(0e82d85992c32c14ba2f76af309b9fea) Importer(815301076,1909f56bfc062723c751e8b465ee728b)
Start importing Assets/Sprites/white-color-solid-background-1920x1080.png using Guid(0e82d85992c32c14ba2f76af309b9fea) Importer(815301076,1909f56bfc062723c751e8b465ee728b)  -> (artifact id: '8d76a2e1e64a36c2c8773ad04c383923') in 0.016366 seconds
  Import took 0.024407 seconds .

